1632708879427	geckodriver	INFO	Listening on 127.0.0.1:56461
1632708882496	mozrunner::runner	INFO	Running command: "C:\\Program Files\\Mozilla Firefox\\firefox.exe" "--marionette" "-no-remote" "-profile" "C:\\Users\\lianbche\\AppData\\Local\\Temp\\rust_mozprofileOmvzc0"
1632708883874	Marionette	INFO	Marionette enabled
console.warn: SearchSettings: "get: No settings file exists, new profile?" (new NotFoundError("Could not open the file at C:\\Users\\lianbche\\AppData\\Local\\Temp\\rust_mozprofileOmvzc0\\search.json.mozlz4", (void 0)))
1632708886675	Marionette	INFO	Listening on port 56473
1632708886792	RemoteAgent	WARN	TLS certificate errors will be ignored for this session
1632709405459	addons.xpi	ERROR	System addon update list error Error: Failed downloading XML, status: 0, reason: error
console.warn: "Resource  of root-node was not found."
console.warn: "Resource  of root-node was not found."
1632795845023	addons.xpi	ERROR	System addon update list error Error: Failed downloading XML, status: 0, reason: error
console.warn: "Resource  of root-node was not found."
console.warn: "Resource  of root-node was not found."
1632821072251	Marionette	INFO	Stopped listening on port 56473
JavaScript error: resource:///modules/Interactions.jsm, line 209: NS_ERROR_FAILURE: Component returned failure code: 0x80004005 (NS_ERROR_FAILURE) [nsIUserIdleService.removeIdleObserver]

###!!! [Parent][RunMessage] Error: Channel closing: too late to send/recv, messages will be lost

n port 60173
1632720364657	RemoteAgent	WARN	TLS certificate errors will be ignored for this session
1632720384377	Marionette	INFO	Stopped listening on port 60173
JavaScript error: resource:///modules/Interactions.jsm, line 209: NS_ERROR_FAILURE: Component returned failure code: 0x80004005 (NS_ERROR_FAILURE) [nsIUserIdleService.removeIdleObserver]

###!!! [Parent][RunMessage] Error: Channel closing: too late to send/recv, messages will be lost

1632817906784	geckodriver	INFO	Listening on 127.0.0.1:51324
1632817909883	mozrunner::runner	INFO	Running command: "C:\\Program Files\\Mozilla Firefox\\firefox.exe" "--marionette" "-no-remote" "-profile" "C:\\Users\\lianbche\\AppData\\Local\\Temp\\rust_mozprofile8cwqzR"
1632817910730	Marionette	INFO	Marionette enabled
console.warn: SearchSettings: "get: No settings file exists, new profile?" (new NotFoundError("Could not open the file at C:\\Users\\lianbche\\AppData\\Local\\Temp\\rust_mozprofile8cwqzR\\search.json.mozlz4", (void 0)))
1632817913334	Marionette	INFO	Listening on port 51336
1632817913528	RemoteAgent	WARN	TLS certificate errors will be ignored for this session
1632818436801	addons.xpi	ERROR	System addon update list error Error: Failed downloading XML, status: 0, reason: error
1632818594996	Marionette	INFO	Stopped listening on port 51336
JavaScript error: resource:///modules/Interactions.jsm, line 209: NS_ERROR_FAILURE: Component returned failure code: 0x80004005 (NS_ERROR_FAILURE) [nsIUserIdleService.removeIdleObserver]

###!!! [Parent][RunMessage] Error: Channel closing: too late to send/recv, messages will be lost

1632819353583	geckodriver	INFO	Listening on 127.0.0.1:64414
1632819356620	mozrunner::runner	INFO	Running command: "C:\\Program Files\\Mozilla Firefox\\firefox.exe" "--marionette" "-no-remote" "-profile" "C:\\Users\\lianbche\\AppData\\Local\\Temp\\rust_mozprofileSyMdsF"
1632819357043	Marionette	INFO	Marionette enabled
console.warn: SearchSettings: "get: No settings file exists, new profile?" (new NotFoundError("Could not open the file at C:\\Users\\lianbche\\AppData\\Local\\Temp\\rust_mozprofileSyMdsF\\search.json.mozlz4", (void 0)))
1632819359471	Marionette	INFO	Listening on port 50415
1632819359754	RemoteAgent	WARN	TLS certificate errors will be ignored for this session
JavaScript error: https://app.powerbi.com/singleSignOn?route=groups%2fme%2fapps%2fdcf059b0-fa4c-4e42-a97c-1a052ed659ce%2freports%2f9e95a8fe-2750-4c00-ae31-b664ac2b041d%2fReportSection%3fctid%3d5d471751-9675-428d-917b-70f44f9630b0&ctid=5d471751-9675-428d-917b-70f44f9630b0&ru=https:%2f%2fapp.powerbi.com%2f%3froute%3dgroups%252fme%252fapps%252fdcf059b0-fa4c-4e42-a97c-1a052ed659ce%252freports%252f9e95a8fe-2750-4c00-ae31-b664ac2b041d%252fReportSection%253fctid%253d5d471751-9675-428d-917b-70f44f9630b0%26ctid%3d5d471751-9675-428d-917b-70f44f9630b0%26noSignUpCheck%3d1, line 1: ReferenceError: cdnFallback is not defined
JavaScript error: https://app.powerbi.com/singleSignOn?route=groups%2fme%2fapps%2fdcf059b0-fa4c-4e42-a97c-1a052ed659ce%2freports%2f9e95a8fe-2750-4c00-ae31-b664ac2b041d%2fReportSection%3fctid%3d5d471751-9675-428d-917b-70f44f9630b0&ctid=5d471751-9675-428d-917b-70f44f9630b0&ru=https:%2f%2fapp.powerbi.com%2f%3froute%3dgroups%252fme%252fapps%252fdcf059b0-fa4c-4e42-a97c-1a052ed659ce%252freports%252f9e95a8fe-2750-4c00-ae31-b664ac2b041d%252fReportSection%253fctid%253d5d471751-9675-428d-917b-70f44f9630b0%26ctid%3d5d471751-9675-428d-917b-70f44f9630b0%26noSignUpCheck%3d1, line 11: ReferenceError: AuthType is not defined
1632819410854	Marionette	INFO	Stopped listening on port 50415
JavaScript error: resource:///modules/Interactions.jsm, line 209: NS_ERROR_FAILURE: Component returned failure code: 0x80004005 (NS_ERROR_FAILURE) [nsIUserIdleService.removeIdleObserver]
JavaScript error: , line 0: OperationError: Could not move temporary file(C:\Users\lianbche\AppData\Local\Temp\rust_mozprofileSyMdsF\sessionCheckpoints.json.tmp) to destination(C:\Users\lianbche\AppData\Local\Temp\rust_mozprofileSyMdsF\sessionCheckpoints.json)

###!!! [Parent][RunMessage] Error: Channel closing: too late to send/recv, messages will be lost

1632819531411	geckodriver	INFO	Listening on 127.0.0.1:50609
1632819534455	mozrunner::runner	INFO	Running command: "C:\\Program Files\\Mozilla Firefox\\firefox.exe" "--marionette" "-no-remote" "-profile" "C:\\Users\\lianbche\\AppData\\Local\\Temp\\rust_mozprofileaH9zQx"
1632819534863	Marionette	INFO	Marionette enabled
console.warn: SearchSettings: "get: No settings file exists, new profile?" (new NotFoundError("Could not open the file at C:\\Users\\lianbche\\AppData\\Local\\Temp\\rust_mozprofileaH9zQx\\search.json.mozlz4", (void 0)))
1632819537301	Marionette	INFO	Listening on port 50621
1632819537592	RemoteAgent	WARN	TLS certificate errors will be ignored for this session
1632819548416	Marionette	INFO	Stopped listening on port 50621
JavaScript error: resource:///modules/Interactions.jsm, line 209: NS_ERROR_FAILURE: Component returned failure code: 0x80004005 (NS_ERROR_FAILURE) [nsIUserIdleService.removeIdleObserver]

###!!! [Parent][RunMessage] Error: Channel closing: too late to send/recv, messages will be lost

1632820077526	geckodriver	INFO	Listening on 127.0.0.1:52463
1632820080562	mozrunner::runner	INFO	Running command: "C:\\Program Files\\Mozilla Firefox\\firefox.exe" "--marionette" "-no-remote" "-profile" "C:\\Users\\lianbche\\AppData\\Local\\Temp\\rust_mozprofileDJOlYY"
1632820080978	Marionette	INFO	Marionette enabled
console.warn: SearchSettings: "get: No settings file exists, new profile?" (new NotFoundError("Could not open the file at C:\\Users\\lianbche\\AppData\\Local\\Temp\\rust_mozprofileDJOlYY\\search.json.mozlz4", (void 0)))
1632820083409	Marionette	INFO	Listening on port 52473
1632820083696	RemoteAgent	WARN	TLS certificate errors will be ignored for this session
1632820105474	Marionette	INFO	Stopped listening on port 52473
JavaScript error: resource:///modules/Interactions.jsm, line 209: NS_ERROR_FAILURE: Component returned failure code: 0x80004005 (NS_ERROR_FAILURE) [nsIUserIdleService.removeIdleObserver]

###!!! [Parent][RunMessage] Error: Channel closing: too late to send/recv, messages will be lost

1632820112368	geckodriver	INFO	Listening on 127.0.0.1:52554
1632820115400	mozrunner::runner	INFO	Running command: "C:\\Program Files\\Mozilla Firefox\\firefox.exe" "--marionette" "-no-remote" "-profile" "C:\\Users\\lianbche\\AppData\\Local\\Temp\\rust_mozprofiletUlFh5"
1632820115805	Marionette	INFO	Marionette enabled
console.warn: SearchSettings: "get: No settings file exists, new profile?" (new NotFoundError("Could not open the file at C:\\Users\\lianbche\\AppData\\Local\\Temp\\rust_mozprofiletUlFh5\\search.json.mozlz4", (void 0)))
1632820118218	Marionette	INFO	Listening on port 52565
1632820118535	RemoteAgent	WARN	TLS certificate errors will be ignored for this session
1632820310655	Marionette	INFO	Stopped listening on port 52565
JavaScript error: resource:///modules/Interactions.jsm, line 209: NS_ERROR_FAILURE: Component returned failure code: 0x80004005 (NS_ERROR_FAILURE) [nsIUserIdleService.removeIdleObserver]

###!!! [Parent][RunMessage] Error: Channel closing: too late to send/recv, messages will be lost

t: No settings file exists, new profile?" (new NotFoundError("Could not open the file at C:\\Users\\lianbche\\AppData\\Local\\Temp\\rust_mozprofilemt85NJ\\search.json.mozlz4", (void 0)))
1632820262412	Marionette	INFO	Listening on port 64444
1632820262562	RemoteAgent	WARN	TLS certificate errors will be ignored for this session
1632820304394	Marionette	INFO	Stopped listening on port 64444
JavaScript error: resource:///modules/Interactions.jsm, line 209: NS_ERROR_FAILURE: Component returned failure code: 0x80004005 (NS_ERROR_FAILURE) [nsIUserIdleService.removeIdleObserver]

###!!! [Parent][RunMessage] Error: Channel closing: too late to send/recv, messages will be lost

1632820399458	geckodriver	INFO	Listening on 127.0.0.1:64642
1632820402498	mozrunner::runner	INFO	Running command: "C:\\Program Files\\Mozilla Firefox\\firefox.exe" "--marionette" "-no-remote" "-profile" "C:\\Users\\lianbche\\AppData\\Local\\Temp\\rust_mozprofilecEbvP1"
1632820402898	Marionette	INFO	Marionette enabled
console.warn: SearchSettings: "get: No settings file exists, new profile?" (new NotFoundError("Could not open the file at C:\\Users\\lianbche\\AppData\\Local\\Temp\\rust_mozprofilecEbvP1\\search.json.mozlz4", (void 0)))
1632820405343	Marionette	INFO	Listening on port 64653
1632820405637	RemoteAgent	WARN	TLS certificate errors will be ignored for this session
console.log: WebExtensions: reset-default-search: starting.
console.log: WebExtensions: reset-default-search: No addons in our list are installed.
1632821071082	Marionette	INFO	Stopped listening on port 64653
JavaScript error: resource:///modules/Interactions.jsm, line 209: NS_ERROR_FAILURE: Component returned failure code: 0x80004005 (NS_ERROR_FAILURE) [nsIUserIdleService.removeIdleObserver]

###!!! [Parent][RunMessage] Error: Channel closing: too late to send/recv, messages will be lost

wLT5\\search.json.mozlz4", (void 0)))
1632820700620	Marionette	INFO	Listening on port 65309
1632820700880	RemoteAgent	WARN	TLS certificate errors will be ignored for this session
1632821070325	Marionette	INFO	Stopped listening on port 65309
JavaScript error: resource:///modules/Interactions.jsm, line 209: NS_ERROR_FAILURE: Component returned failure code: 0x80004005 (NS_ERROR_FAILURE) [nsIUserIdleService.removeIdleObserver]

###!!! [Parent][RunMessage] Error: Channel closing: too late to send/recv, messages will be lost

t: No settings file exists, new profile?" (new NotFoundError("Could not open the file at C:\\Users\\lianbche\\AppData\\Local\\Temp\\rust_mozprofilexaXlYf\\search.json.mozlz4", (void 0)))
1632820736928	Marionette	INFO	Listening on port 51114
1632820737150	RemoteAgent	WARN	TLS certificate errors will be ignored for this session
JavaScript error: , line 0: NotFoundError: No such JSWindowActor 'MarionetteEvents'
1632821069494	Marionette	INFO	Stopped listening on port 51114
JavaScript error: resource:///modules/Interactions.jsm, line 209: NS_ERROR_FAILURE: Component returned failure code: 0x80004005 (NS_ERROR_FAILURE) [nsIUserIdleService.removeIdleObserver]

###!!! [Parent][RunMessage] Error: Channel closing: too late to send/recv, messages will be lost

t: No settings file exists, new profile?" (new NotFoundError("Could not open the file at C:\\Users\\lianbche\\AppData\\Local\\Temp\\rust_mozprofileFuQRID\\search.json.mozlz4", (void 0)))
1632820775099	Marionette	INFO	Listening on port 51223
1632820775252	RemoteAgent	WARN	TLS certificate errors will be ignored for this session
1632820798569	Marionette	INFO	Stopped listening on port 51223
JavaScript error: resource:///modules/Interactions.jsm, line 209: NS_ERROR_FAILURE: Component returned failure code: 0x80004005 (NS_ERROR_FAILURE) [nsIUserIdleService.removeIdleObserver]
1632820934372	geckodriver	INFO	Listening on 127.0.0.1:63093
1632820937420	mozrunner::runner	INFO	Running command: "C:\\Program Files\\Mozilla Firefox\\firefox.exe" "--marionette" "-no-remote" "-profile" "C:\\Users\\lianbche\\AppData\\Local\\Temp\\rust_mozprofile4hA3YT"
1632820937834	Marionette	INFO	Marionette enabled
console.warn: SearchSettings: "get: No settings file exists, new profile?" (new NotFoundError("Could not open the file at C:\\Users\\lianbche\\AppData\\Local\\Temp\\rust_mozprofile4hA3YT\\search.json.mozlz4", (void 0)))
1632820940266	Marionette	INFO	Listening on port 63104
1632820940557	RemoteAgent	WARN	TLS certificate errors will be ignored for this session
1632821068370	Marionette	INFO	Stopped listening on port 63104
JavaScript error: resource:///modules/Interactions.jsm, line 209: NS_ERROR_FAILURE: Component returned failure code: 0x80004005 (NS_ERROR_FAILURE) [nsIUserIdleService.removeIdleObserver]

###!!! [Parent][RunMessage] Error: Channel closing: too late to send/recv, messages will be lost

t: No settings file exists, new profile?" (new NotFoundError("Could not open the file at C:\\Users\\lianbche\\AppData\\Local\\Temp\\rust_mozprofilenJJ8S4\\search.json.mozlz4", (void 0)))
1632821036576	Marionette	INFO	Listening on port 63283
1632821036666	RemoteAgent	WARN	TLS certificate errors will be ignored for this session
1632821066187	Marionette	INFO	Stopped listening on port 63283
JavaScript error: resource:///modules/Interactions.jsm, line 209: NS_ERROR_FAILURE: Component returned failure code: 0x80004005 (NS_ERROR_FAILURE) [nsIUserIdleService.removeIdleObserver]
